2021-10-07 15:07:14.818  INFO 11168 --- [main] com.wjl.SpringBoardApplication           : Starting SpringBoardApplication using Java 17 on lonestar with PID 11168 (D:\wjl\repository\spring-board\target\classes started by wjl in D:\wjl\repository\spring-board)
2021-10-07 15:07:14.823  INFO 11168 --- [main] com.wjl.SpringBoardApplication           : No active profile set, falling back to default profiles: default
2021-10-07 15:07:15.384  INFO 11168 --- [main] .s.d.r.c.RepositoryConfigurationDelegate : Bootstrapping Spring Data JPA repositories in DEFAULT mode.
2021-10-07 15:07:15.396  INFO 11168 --- [main] .s.d.r.c.RepositoryConfigurationDelegate : Finished Spring Data repository scanning in 5 ms. Found 0 JPA repository interfaces.
2021-10-07 15:07:15.824  INFO 11168 --- [main] o.s.b.w.embedded.tomcat.TomcatWebServer  : Tomcat initialized with port(s): 8081 (http)
2021-10-07 15:07:15.832  INFO 11168 --- [main] o.apache.catalina.core.StandardService   : Starting service [Tomcat]
2021-10-07 15:07:15.832  INFO 11168 --- [main] org.apache.catalina.core.StandardEngine  : Starting Servlet engine: [Apache Tomcat/9.0.53]
2021-10-07 15:07:15.834  INFO 11168 --- [main] o.a.catalina.core.AprLifecycleListener   : Loaded Apache Tomcat Native library [1.2.30] using APR version [1.7.0].
2021-10-07 15:07:15.834  INFO 11168 --- [main] o.a.catalina.core.AprLifecycleListener   : APR capabilities: IPv6 [true], sendfile [true], accept filters [false], random [true], UDS [true].
2021-10-07 15:07:15.834  INFO 11168 --- [main] o.a.catalina.core.AprLifecycleListener   : APR/OpenSSL configuration: useAprConnector [false], useOpenSSL [true]
2021-10-07 15:07:15.846  INFO 11168 --- [main] o.a.catalina.core.AprLifecycleListener   : OpenSSL successfully initialized [OpenSSL 1.1.1k  25 Mar 2021]
2021-10-07 15:07:15.947  INFO 11168 --- [main] o.a.c.c.C.[Tomcat].[localhost].[/]       : Initializing Spring embedded WebApplicationContext
2021-10-07 15:07:15.948  INFO 11168 --- [main] w.s.c.ServletWebServerApplicationContext : Root WebApplicationContext: initialization completed in 1079 ms
2021-10-07 15:07:16.094  INFO 11168 --- [main] com.alibaba.druid.pool.DruidDataSource   : {dataSource-1} inited
2021-10-07 15:07:16.199  INFO 11168 --- [main] o.hibernate.jpa.internal.util.LogHelper  : HHH000204: Processing PersistenceUnitInfo [name: default]
2021-10-07 15:07:16.228  INFO 11168 --- [main] org.hibernate.Version                    : HHH000412: Hibernate ORM core version 5.4.32.Final
2021-10-07 15:07:16.322  INFO 11168 --- [main] o.hibernate.annotations.common.Version   : HCANN000001: Hibernate Commons Annotations {5.1.2.Final}
2021-10-07 15:07:16.382  INFO 11168 --- [main] org.hibernate.dialect.Dialect            : HHH000400: Using dialect: org.hibernate.dialect.MySQL8Dialect
2021-10-07 15:07:16.723  INFO 11168 --- [main] o.h.e.t.j.p.i.JtaPlatformInitiator       : HHH000490: Using JtaPlatform implementation: [org.hibernate.engine.transaction.jta.platform.internal.NoJtaPlatform]
2021-10-07 15:07:16.730  INFO 11168 --- [main] j.LocalContainerEntityManagerFactoryBean : Initialized JPA EntityManagerFactory for persistence unit 'default'
2021-10-07 15:07:16.842  WARN 11168 --- [main] JpaBaseConfiguration$JpaWebConfiguration : spring.jpa.open-in-view is enabled by default. Therefore, database queries may be performed during view rendering. Explicitly configure spring.jpa.open-in-view to disable this warning
2021-10-07 15:07:16.977  INFO 11168 --- [main] o.s.b.a.w.s.WelcomePageHandlerMapping    : Adding welcome page template: index
2021-10-07 15:07:17.158  INFO 11168 --- [main] o.s.b.w.embedded.tomcat.TomcatWebServer  : Tomcat started on port(s): 8081 (http) with context path ''
2021-10-07 15:07:17.166  INFO 11168 --- [main] com.wjl.SpringBoardApplication           : Started SpringBoardApplication in 2.734 seconds (JVM running for 3.441)
2021-10-07 15:08:04.346  INFO 11168 --- [SpringApplicationShutdownHook] j.LocalContainerEntityManagerFactoryBean : Closing JPA EntityManagerFactory for persistence unit 'default'
2021-10-07 15:08:04.348  INFO 11168 --- [SpringApplicationShutdownHook] com.alibaba.druid.pool.DruidDataSource   : {dataSource-1} closing ...
2021-10-07 15:08:04.352  INFO 11168 --- [SpringApplicationShutdownHook] com.alibaba.druid.pool.DruidDataSource   : {dataSource-1} closed
2021-10-07 15:08:06.207  INFO 12904 --- [main] com.wjl.SpringBoardApplication           : Starting SpringBoardApplication using Java 17 on lonestar with PID 12904 (D:\wjl\repository\spring-board\target\classes started by wjl in D:\wjl\repository\spring-board)
2021-10-07 15:08:06.211  INFO 12904 --- [main] com.wjl.SpringBoardApplication           : No active profile set, falling back to default profiles: default
2021-10-07 15:08:06.759  INFO 12904 --- [main] .s.d.r.c.RepositoryConfigurationDelegate : Bootstrapping Spring Data JPA repositories in DEFAULT mode.
2021-10-07 15:08:06.770  INFO 12904 --- [main] .s.d.r.c.RepositoryConfigurationDelegate : Finished Spring Data repository scanning in 5 ms. Found 0 JPA repository interfaces.
2021-10-07 15:08:07.125  INFO 12904 --- [main] o.s.b.w.embedded.tomcat.TomcatWebServer  : Tomcat initialized with port(s): 8081 (http)
2021-10-07 15:08:07.131  INFO 12904 --- [main] o.apache.catalina.core.StandardService   : Starting service [Tomcat]
2021-10-07 15:08:07.131  INFO 12904 --- [main] org.apache.catalina.core.StandardEngine  : Starting Servlet engine: [Apache Tomcat/9.0.53]
2021-10-07 15:08:07.132  INFO 12904 --- [main] o.a.catalina.core.AprLifecycleListener   : Loaded Apache Tomcat Native library [1.2.30] using APR version [1.7.0].
2021-10-07 15:08:07.133  INFO 12904 --- [main] o.a.catalina.core.AprLifecycleListener   : APR capabilities: IPv6 [true], sendfile [true], accept filters [false], random [true], UDS [true].
2021-10-07 15:08:07.133  INFO 12904 --- [main] o.a.catalina.core.AprLifecycleListener   : APR/OpenSSL configuration: useAprConnector [false], useOpenSSL [true]
2021-10-07 15:08:07.135  INFO 12904 --- [main] o.a.catalina.core.AprLifecycleListener   : OpenSSL successfully initialized [OpenSSL 1.1.1k  25 Mar 2021]
2021-10-07 15:08:07.216  INFO 12904 --- [main] o.a.c.c.C.[Tomcat].[localhost].[/]       : Initializing Spring embedded WebApplicationContext
2021-10-07 15:08:07.216  INFO 12904 --- [main] w.s.c.ServletWebServerApplicationContext : Root WebApplicationContext: initialization completed in 947 ms
2021-10-07 15:08:07.348  INFO 12904 --- [main] com.alibaba.druid.pool.DruidDataSource   : {dataSource-1} inited
2021-10-07 15:08:07.439  INFO 12904 --- [main] o.hibernate.jpa.internal.util.LogHelper  : HHH000204: Processing PersistenceUnitInfo [name: default]
2021-10-07 15:08:07.465  INFO 12904 --- [main] org.hibernate.Version                    : HHH000412: Hibernate ORM core version 5.4.32.Final
2021-10-07 15:08:07.529  INFO 12904 --- [main] o.hibernate.annotations.common.Version   : HCANN000001: Hibernate Commons Annotations {5.1.2.Final}
2021-10-07 15:08:07.591  INFO 12904 --- [main] org.hibernate.dialect.Dialect            : HHH000400: Using dialect: org.hibernate.dialect.MySQL8Dialect
2021-10-07 15:08:07.916  INFO 12904 --- [main] o.h.e.t.j.p.i.JtaPlatformInitiator       : HHH000490: Using JtaPlatform implementation: [org.hibernate.engine.transaction.jta.platform.internal.NoJtaPlatform]
2021-10-07 15:08:07.923  INFO 12904 --- [main] j.LocalContainerEntityManagerFactoryBean : Initialized JPA EntityManagerFactory for persistence unit 'default'
2021-10-07 15:08:08.036  WARN 12904 --- [main] JpaBaseConfiguration$JpaWebConfiguration : spring.jpa.open-in-view is enabled by default. Therefore, database queries may be performed during view rendering. Explicitly configure spring.jpa.open-in-view to disable this warning
2021-10-07 15:08:08.155  INFO 12904 --- [main] o.s.b.a.w.s.WelcomePageHandlerMapping    : Adding welcome page template: index
2021-10-07 15:08:08.330  INFO 12904 --- [main] o.s.b.w.embedded.tomcat.TomcatWebServer  : Tomcat started on port(s): 8081 (http) with context path ''
2021-10-07 15:08:08.337  INFO 12904 --- [main] com.wjl.SpringBoardApplication           : Started SpringBoardApplication in 2.649 seconds (JVM running for 3.293)
2021-10-07 15:09:29.109  INFO 12904 --- [SpringApplicationShutdownHook] j.LocalContainerEntityManagerFactoryBean : Closing JPA EntityManagerFactory for persistence unit 'default'
2021-10-07 15:09:29.110  INFO 12904 --- [SpringApplicationShutdownHook] com.alibaba.druid.pool.DruidDataSource   : {dataSource-1} closing ...
2021-10-07 15:09:29.114  INFO 12904 --- [SpringApplicationShutdownHook] com.alibaba.druid.pool.DruidDataSource   : {dataSource-1} closed
2021-10-07 15:09:31.762  INFO 6108 --- [main] com.wjl.SpringBoardApplication           : Starting SpringBoardApplication using Java 17 on lonestar with PID 6108 (D:\wjl\repository\spring-board\target\classes started by wjl in D:\wjl\repository\spring-board)
2021-10-07 15:09:31.764  INFO 6108 --- [main] com.wjl.SpringBoardApplication           : No active profile set, falling back to default profiles: default
2021-10-07 15:09:32.246  INFO 6108 --- [main] .s.d.r.c.RepositoryConfigurationDelegate : Bootstrapping Spring Data JPA repositories in DEFAULT mode.
2021-10-07 15:09:32.260  INFO 6108 --- [main] .s.d.r.c.RepositoryConfigurationDelegate : Finished Spring Data repository scanning in 6 ms. Found 0 JPA repository interfaces.
2021-10-07 15:09:32.608  INFO 6108 --- [main] o.s.b.w.embedded.tomcat.TomcatWebServer  : Tomcat initialized with port(s): 8081 (http)
2021-10-07 15:09:32.614  INFO 6108 --- [main] o.apache.catalina.core.StandardService   : Starting service [Tomcat]
2021-10-07 15:09:32.614  INFO 6108 --- [main] org.apache.catalina.core.StandardEngine  : Starting Servlet engine: [Apache Tomcat/9.0.53]
2021-10-07 15:09:32.615  INFO 6108 --- [main] o.a.catalina.core.AprLifecycleListener   : Loaded Apache Tomcat Native library [1.2.30] using APR version [1.7.0].
2021-10-07 15:09:32.616  INFO 6108 --- [main] o.a.catalina.core.AprLifecycleListener   : APR capabilities: IPv6 [true], sendfile [true], accept filters [false], random [true], UDS [true].
2021-10-07 15:09:32.616  INFO 6108 --- [main] o.a.catalina.core.AprLifecycleListener   : APR/OpenSSL configuration: useAprConnector [false], useOpenSSL [true]
2021-10-07 15:09:32.619  INFO 6108 --- [main] o.a.catalina.core.AprLifecycleListener   : OpenSSL successfully initialized [OpenSSL 1.1.1k  25 Mar 2021]
2021-10-07 15:09:32.713  INFO 6108 --- [main] o.a.c.c.C.[Tomcat].[localhost].[/]       : Initializing Spring embedded WebApplicationContext
2021-10-07 15:09:32.713  INFO 6108 --- [main] w.s.c.ServletWebServerApplicationContext : Root WebApplicationContext: initialization completed in 910 ms
2021-10-07 15:09:32.842  INFO 6108 --- [main] o.hibernate.jpa.internal.util.LogHelper  : HHH000204: Processing PersistenceUnitInfo [name: default]
2021-10-07 15:09:32.872  INFO 6108 --- [main] org.hibernate.Version                    : HHH000412: Hibernate ORM core version 5.4.32.Final
2021-10-07 15:09:32.935  INFO 6108 --- [main] o.hibernate.annotations.common.Version   : HCANN000001: Hibernate Commons Annotations {5.1.2.Final}
2021-10-07 15:09:33.009  INFO 6108 --- [main] com.alibaba.druid.pool.DruidDataSource   : {dataSource-1} inited
2021-10-07 15:09:33.079  INFO 6108 --- [main] org.hibernate.dialect.Dialect            : HHH000400: Using dialect: org.hibernate.dialect.MySQL8Dialect
2021-10-07 15:09:33.462  INFO 6108 --- [main] o.h.e.t.j.p.i.JtaPlatformInitiator       : HHH000490: Using JtaPlatform implementation: [org.hibernate.engine.transaction.jta.platform.internal.NoJtaPlatform]
2021-10-07 15:09:33.468  INFO 6108 --- [main] j.LocalContainerEntityManagerFactoryBean : Initialized JPA EntityManagerFactory for persistence unit 'default'
2021-10-07 15:09:33.579  WARN 6108 --- [main] JpaBaseConfiguration$JpaWebConfiguration : spring.jpa.open-in-view is enabled by default. Therefore, database queries may be performed during view rendering. Explicitly configure spring.jpa.open-in-view to disable this warning
2021-10-07 15:09:33.699  INFO 6108 --- [main] o.s.b.a.w.s.WelcomePageHandlerMapping    : Adding welcome page template: index
2021-10-07 15:09:33.870  INFO 6108 --- [main] o.s.b.w.embedded.tomcat.TomcatWebServer  : Tomcat started on port(s): 8081 (http) with context path ''
2021-10-07 15:09:33.879  INFO 6108 --- [main] com.wjl.SpringBoardApplication           : Started SpringBoardApplication in 2.435 seconds (JVM running for 2.958)
2021-10-07 15:30:32.153  INFO 6108 --- [SpringApplicationShutdownHook] j.LocalContainerEntityManagerFactoryBean : Closing JPA EntityManagerFactory for persistence unit 'default'
2021-10-07 15:30:32.155  INFO 6108 --- [SpringApplicationShutdownHook] com.alibaba.druid.pool.DruidDataSource   : {dataSource-1} closing ...
2021-10-07 15:30:32.159  INFO 6108 --- [SpringApplicationShutdownHook] com.alibaba.druid.pool.DruidDataSource   : {dataSource-1} closed
2021-10-07 15:30:37.277  INFO 10716 --- [main] com.wjl.SpringBoardApplication           : Starting SpringBoardApplication using Java 17 on lonestar with PID 10716 (D:\wjl\repository\spring-board\target\classes started by wjl in D:\wjl\repository\spring-board)
2021-10-07 15:30:37.280  INFO 10716 --- [main] com.wjl.SpringBoardApplication           : No active profile set, falling back to default profiles: default
2021-10-07 15:30:37.773  INFO 10716 --- [main] .s.d.r.c.RepositoryConfigurationDelegate : Bootstrapping Spring Data JPA repositories in DEFAULT mode.
2021-10-07 15:30:37.830  INFO 10716 --- [main] .s.d.r.c.RepositoryConfigurationDelegate : Finished Spring Data repository scanning in 50 ms. Found 2 JPA repository interfaces.
2021-10-07 15:30:38.178  INFO 10716 --- [main] o.s.b.w.embedded.tomcat.TomcatWebServer  : Tomcat initialized with port(s): 8081 (http)
2021-10-07 15:30:38.184  INFO 10716 --- [main] o.apache.catalina.core.StandardService   : Starting service [Tomcat]
2021-10-07 15:30:38.184  INFO 10716 --- [main] org.apache.catalina.core.StandardEngine  : Starting Servlet engine: [Apache Tomcat/9.0.53]
2021-10-07 15:30:38.185  INFO 10716 --- [main] o.a.catalina.core.AprLifecycleListener   : Loaded Apache Tomcat Native library [1.2.30] using APR version [1.7.0].
2021-10-07 15:30:38.186  INFO 10716 --- [main] o.a.catalina.core.AprLifecycleListener   : APR capabilities: IPv6 [true], sendfile [true], accept filters [false], random [true], UDS [true].
2021-10-07 15:30:38.186  INFO 10716 --- [main] o.a.catalina.core.AprLifecycleListener   : APR/OpenSSL configuration: useAprConnector [false], useOpenSSL [true]
2021-10-07 15:30:38.189  INFO 10716 --- [main] o.a.catalina.core.AprLifecycleListener   : OpenSSL successfully initialized [OpenSSL 1.1.1k  25 Mar 2021]
2021-10-07 15:30:38.285  INFO 10716 --- [main] o.a.c.c.C.[Tomcat].[localhost].[/]       : Initializing Spring embedded WebApplicationContext
2021-10-07 15:30:38.285  INFO 10716 --- [main] w.s.c.ServletWebServerApplicationContext : Root WebApplicationContext: initialization completed in 965 ms
2021-10-07 15:30:38.412  INFO 10716 --- [main] o.hibernate.jpa.internal.util.LogHelper  : HHH000204: Processing PersistenceUnitInfo [name: default]
2021-10-07 15:30:38.439  INFO 10716 --- [main] org.hibernate.Version                    : HHH000412: Hibernate ORM core version 5.4.32.Final
2021-10-07 15:30:38.504  INFO 10716 --- [main] o.hibernate.annotations.common.Version   : HCANN000001: Hibernate Commons Annotations {5.1.2.Final}
2021-10-07 15:30:38.581  INFO 10716 --- [main] com.alibaba.druid.pool.DruidDataSource   : {dataSource-1} inited
2021-10-07 15:30:38.652  INFO 10716 --- [main] org.hibernate.dialect.Dialect            : HHH000400: Using dialect: org.hibernate.dialect.MySQL8Dialect
2021-10-07 15:30:38.985  INFO 10716 --- [main] o.h.e.t.j.p.i.JtaPlatformInitiator       : HHH000490: Using JtaPlatform implementation: [org.hibernate.engine.transaction.jta.platform.internal.NoJtaPlatform]
2021-10-07 15:30:38.990  INFO 10716 --- [main] j.LocalContainerEntityManagerFactoryBean : Initialized JPA EntityManagerFactory for persistence unit 'default'
2021-10-07 15:30:39.239  WARN 10716 --- [main] JpaBaseConfiguration$JpaWebConfiguration : spring.jpa.open-in-view is enabled by default. Therefore, database queries may be performed during view rendering. Explicitly configure spring.jpa.open-in-view to disable this warning
2021-10-07 15:30:39.359  INFO 10716 --- [main] o.s.b.a.w.s.WelcomePageHandlerMapping    : Adding welcome page template: index
2021-10-07 15:30:39.598  INFO 10716 --- [main] o.s.b.w.embedded.tomcat.TomcatWebServer  : Tomcat started on port(s): 8081 (http) with context path ''
2021-10-07 15:30:39.606  INFO 10716 --- [main] com.wjl.SpringBoardApplication           : Started SpringBoardApplication in 2.632 seconds (JVM running for 3.146)
2021-10-07 15:30:53.118  INFO 10716 --- [http-nio-8081-exec-1] o.a.c.c.C.[Tomcat].[localhost].[/]       : Initializing Spring DispatcherServlet 'dispatcherServlet'
2021-10-07 15:30:53.118  INFO 10716 --- [http-nio-8081-exec-1] o.s.web.servlet.DispatcherServlet        : Initializing Servlet 'dispatcherServlet'
2021-10-07 15:30:53.119  INFO 10716 --- [http-nio-8081-exec-1] o.s.web.servlet.DispatcherServlet        : Completed initialization in 0 ms
2021-10-07 15:33:42.063  INFO 10716 --- [SpringApplicationShutdownHook] j.LocalContainerEntityManagerFactoryBean : Closing JPA EntityManagerFactory for persistence unit 'default'
2021-10-07 15:33:42.065  INFO 10716 --- [SpringApplicationShutdownHook] com.alibaba.druid.pool.DruidDataSource   : {dataSource-1} closing ...
2021-10-07 15:33:42.068  INFO 10716 --- [SpringApplicationShutdownHook] com.alibaba.druid.pool.DruidDataSource   : {dataSource-1} closed
2021-10-07 15:34:09.537  INFO 14084 --- [main] com.wjl.SpringBoardApplication           : Starting SpringBoardApplication using Java 17 on lonestar with PID 14084 (D:\wjl\repository\spring-board\target\classes started by wjl in D:\wjl\repository\spring-board)
2021-10-07 15:34:09.544  INFO 14084 --- [main] com.wjl.SpringBoardApplication           : No active profile set, falling back to default profiles: default
2021-10-07 15:34:10.011  INFO 14084 --- [main] .s.d.r.c.RepositoryConfigurationDelegate : Bootstrapping Spring Data JPA repositories in DEFAULT mode.
2021-10-07 15:34:10.056  INFO 14084 --- [main] .s.d.r.c.RepositoryConfigurationDelegate : Finished Spring Data repository scanning in 38 ms. Found 2 JPA repository interfaces.
2021-10-07 15:34:10.384  INFO 14084 --- [main] o.s.b.w.embedded.tomcat.TomcatWebServer  : Tomcat initialized with port(s): 8081 (http)
2021-10-07 15:34:10.390  INFO 14084 --- [main] o.apache.catalina.core.StandardService   : Starting service [Tomcat]
2021-10-07 15:34:10.391  INFO 14084 --- [main] org.apache.catalina.core.StandardEngine  : Starting Servlet engine: [Apache Tomcat/9.0.53]
2021-10-07 15:34:10.392  INFO 14084 --- [main] o.a.catalina.core.AprLifecycleListener   : Loaded Apache Tomcat Native library [1.2.30] using APR version [1.7.0].
2021-10-07 15:34:10.392  INFO 14084 --- [main] o.a.catalina.core.AprLifecycleListener   : APR capabilities: IPv6 [true], sendfile [true], accept filters [false], random [true], UDS [true].
2021-10-07 15:34:10.392  INFO 14084 --- [main] o.a.catalina.core.AprLifecycleListener   : APR/OpenSSL configuration: useAprConnector [false], useOpenSSL [true]
2021-10-07 15:34:10.395  INFO 14084 --- [main] o.a.catalina.core.AprLifecycleListener   : OpenSSL successfully initialized [OpenSSL 1.1.1k  25 Mar 2021]
2021-10-07 15:34:10.477  INFO 14084 --- [main] o.a.c.c.C.[Tomcat].[localhost].[/]       : Initializing Spring embedded WebApplicationContext
2021-10-07 15:34:10.478  INFO 14084 --- [main] w.s.c.ServletWebServerApplicationContext : Root WebApplicationContext: initialization completed in 892 ms
2021-10-07 15:34:10.515  WARN 14084 --- [main] ConfigServletWebServerApplicationContext : Exception encountered during context initialization - cancelling refresh attempt: org.springframework.beans.factory.UnsatisfiedDependencyException: Error creating bean with name 'dataSourceScriptDatabaseInitializer' defined in class path resource [org/springframework/boot/autoconfigure/sql/init/DataSourceInitializationConfiguration.class]: Unsatisfied dependency expressed through method 'dataSourceScriptDatabaseInitializer' parameter 0; nested exception is org.springframework.beans.factory.UnsatisfiedDependencyException: Error creating bean with name 'dataSource' defined in class path resource [org/springframework/boot/autoconfigure/jdbc/DataSourceConfiguration$Generic.class]: Unsatisfied dependency expressed through method 'dataSource' parameter 0; nested exception is org.springframework.boot.context.properties.ConfigurationPropertiesBindException: Error creating bean with name 'spring.datasource-org.springframework.boot.autoconfigure.jdbc.DataSourceProperties': Could not bind properties to 'DataSourceProperties' : prefix=spring.datasource, ignoreInvalidFields=false, ignoreUnknownFields=true; nested exception is org.springframework.boot.context.properties.bind.BindException: Failed to bind properties under 'spring.datasource.type' to java.lang.Class<javax.sql.DataSource>
2021-10-07 15:34:10.517  INFO 14084 --- [main] o.apache.catalina.core.StandardService   : Stopping service [Tomcat]
2021-10-07 15:34:10.529  INFO 14084 --- [main] ConditionEvaluationReportLoggingListener : 

Error starting ApplicationContext. To display the conditions report re-run your application with 'debug' enabled.
2021-10-07 15:34:10.546 ERROR 14084 --- [main] o.s.b.d.LoggingFailureAnalysisReporter   : 

***************************
APPLICATION FAILED TO START
***************************

Description:

Failed to bind properties under 'spring.datasource.type' to java.lang.Class<javax.sql.DataSource>:

    Property: spring.datasource.type
    Value: com.alibaba.druid.pool.DruidDataSource
    Origin: class path resource [application.yml] - 6:11
    Reason: failed to convert java.lang.String to java.lang.Class<javax.sql.DataSource> (caused by java.lang.ClassNotFoundException: com.alibaba.druid.pool.DruidDataSource)

Action:

Update your application's configuration

2021-10-07 15:34:32.569  INFO 8304 --- [main] com.wjl.SpringBoardApplication           : Starting SpringBoardApplication using Java 17 on lonestar with PID 8304 (D:\wjl\repository\spring-board\target\classes started by wjl in D:\wjl\repository\spring-board)
2021-10-07 15:34:32.571  INFO 8304 --- [main] com.wjl.SpringBoardApplication           : No active profile set, falling back to default profiles: default
2021-10-07 15:34:33.048  INFO 8304 --- [main] .s.d.r.c.RepositoryConfigurationDelegate : Bootstrapping Spring Data JPA repositories in DEFAULT mode.
2021-10-07 15:34:33.094  INFO 8304 --- [main] .s.d.r.c.RepositoryConfigurationDelegate : Finished Spring Data repository scanning in 39 ms. Found 2 JPA repository interfaces.
2021-10-07 15:34:33.432  INFO 8304 --- [main] o.s.b.w.embedded.tomcat.TomcatWebServer  : Tomcat initialized with port(s): 8081 (http)
2021-10-07 15:34:33.438  INFO 8304 --- [main] o.apache.catalina.core.StandardService   : Starting service [Tomcat]
2021-10-07 15:34:33.438  INFO 8304 --- [main] org.apache.catalina.core.StandardEngine  : Starting Servlet engine: [Apache Tomcat/9.0.53]
2021-10-07 15:34:33.439  INFO 8304 --- [main] o.a.catalina.core.AprLifecycleListener   : Loaded Apache Tomcat Native library [1.2.30] using APR version [1.7.0].
2021-10-07 15:34:33.440  INFO 8304 --- [main] o.a.catalina.core.AprLifecycleListener   : APR capabilities: IPv6 [true], sendfile [true], accept filters [false], random [true], UDS [true].
2021-10-07 15:34:33.440  INFO 8304 --- [main] o.a.catalina.core.AprLifecycleListener   : APR/OpenSSL configuration: useAprConnector [false], useOpenSSL [true]
2021-10-07 15:34:33.442  INFO 8304 --- [main] o.a.catalina.core.AprLifecycleListener   : OpenSSL successfully initialized [OpenSSL 1.1.1k  25 Mar 2021]
2021-10-07 15:34:33.525  INFO 8304 --- [main] o.a.c.c.C.[Tomcat].[localhost].[/]       : Initializing Spring embedded WebApplicationContext
2021-10-07 15:34:33.525  INFO 8304 --- [main] w.s.c.ServletWebServerApplicationContext : Root WebApplicationContext: initialization completed in 908 ms
2021-10-07 15:34:33.645  INFO 8304 --- [main] o.hibernate.jpa.internal.util.LogHelper  : HHH000204: Processing PersistenceUnitInfo [name: default]
2021-10-07 15:34:33.672  INFO 8304 --- [main] org.hibernate.Version                    : HHH000412: Hibernate ORM core version 5.4.32.Final
2021-10-07 15:34:33.741  INFO 8304 --- [main] o.hibernate.annotations.common.Version   : HCANN000001: Hibernate Commons Annotations {5.1.2.Final}
2021-10-07 15:34:33.795  INFO 8304 --- [main] com.zaxxer.hikari.HikariDataSource       : HikariPool-1 - Starting...
2021-10-07 15:34:33.877  INFO 8304 --- [main] com.zaxxer.hikari.HikariDataSource       : HikariPool-1 - Start completed.
2021-10-07 15:34:33.886  INFO 8304 --- [main] org.hibernate.dialect.Dialect            : HHH000400: Using dialect: org.hibernate.dialect.MySQL8Dialect
2021-10-07 15:34:34.238  INFO 8304 --- [main] o.h.e.t.j.p.i.JtaPlatformInitiator       : HHH000490: Using JtaPlatform implementation: [org.hibernate.engine.transaction.jta.platform.internal.NoJtaPlatform]
2021-10-07 15:34:34.243  INFO 8304 --- [main] j.LocalContainerEntityManagerFactoryBean : Initialized JPA EntityManagerFactory for persistence unit 'default'
2021-10-07 15:34:34.488  WARN 8304 --- [main] JpaBaseConfiguration$JpaWebConfiguration : spring.jpa.open-in-view is enabled by default. Therefore, database queries may be performed during view rendering. Explicitly configure spring.jpa.open-in-view to disable this warning
2021-10-07 15:34:34.603  INFO 8304 --- [main] o.s.b.a.w.s.WelcomePageHandlerMapping    : Adding welcome page template: index
2021-10-07 15:34:34.746  INFO 8304 --- [main] o.s.b.w.embedded.tomcat.TomcatWebServer  : Tomcat started on port(s): 8081 (http) with context path ''
2021-10-07 15:34:34.754  INFO 8304 --- [main] com.wjl.SpringBoardApplication           : Started SpringBoardApplication in 2.498 seconds (JVM running for 2.974)
2021-10-07 15:36:12.659  INFO 8304 --- [SpringApplicationShutdownHook] j.LocalContainerEntityManagerFactoryBean : Closing JPA EntityManagerFactory for persistence unit 'default'
2021-10-07 15:36:12.661  INFO 8304 --- [SpringApplicationShutdownHook] com.zaxxer.hikari.HikariDataSource       : HikariPool-1 - Shutdown initiated...
2021-10-07 15:36:12.666  INFO 8304 --- [SpringApplicationShutdownHook] com.zaxxer.hikari.HikariDataSource       : HikariPool-1 - Shutdown completed.
